<?xml version="1.0" encoding="utf-8" standalone="no"?>
<!--This file represents the results of running a test suite-->
<test-results name="E:\G\Projects\PS\UIAutomation\UIAutomation\bin\Release\UIAutomation.dll" total="3" errors="3" failures="0" not-run="0" inconclusive="0" ignored="0" skipped="0" invalid="0" date="2011-12-07" time="20:48:12">
  <environment nunit-version="2.5.10.11092" clr-version="4.0.30319.225" os-version="Microsoft Windows NT 6.1.7601 Service Pack 1" platform="Win32NT" cwd="C:\Program Files (x86)\NUnit 2.5.10\bin\net-2.0" machine-name="SPB8207" user="apetrov1" user-domain="spb8207" />
  <culture-info current-culture="es-HN" current-uiculture="es-ES" />
  <test-suite type="Assembly" name="E:\G\Projects\PS\UIAutomation\UIAutomation\bin\Release\UIAutomation.dll" executed="True" result="Failure" success="False" time="0.344" asserts="0">
    <results>
      <test-suite type="Namespace" name="UIAutomation" executed="True" result="Failure" success="False" time="0.324" asserts="0">
        <results>
          <test-suite type="Namespace" name="UnitTests" executed="True" result="Failure" success="False" time="0.319" asserts="0">
            <results>
              <test-suite type="TestFixture" name="MoveUIACursorCommandTestFixture" description="Move-UIACursorCommand test" executed="True" result="Failure" success="False" time="0.281" asserts="0">
                <results>
                  <test-case name="UIAutomation.UnitTests.MoveUIACursorCommandTestFixture.ProcessRecordControlIsAutomationElement" description="ProcessRecord test AutomationElement" executed="True" result="Error" success="False" time="0.069" asserts="0">
                    <failure>
                      <message><![CDATA[System.NotImplementedException : WriteVerbose]]></message>
                      <stack-trace><![CDATA[at System.Management.Automation.Cmdlet.WriteVerbose(String text)
at UIAutomation.Commands.MoveUIACursorCommand.ProcessRecord()
]]></stack-trace>
                    </failure>
                  </test-case>
                  <test-case name="UIAutomation.UnitTests.MoveUIACursorCommandTestFixture.ProcessRecordControlIsNotAutomationElement" description="ProcessRecord test Is Not AutomationElement" executed="True" result="Error" success="False" time="0.001" asserts="0">
                    <failure>
                      <message><![CDATA[System.NotImplementedException : WriteVerbose]]></message>
                      <stack-trace><![CDATA[at System.Management.Automation.Cmdlet.WriteVerbose(String text)
at UIAutomation.Commands.MoveUIACursorCommand.ProcessRecord()
]]></stack-trace>
                    </failure>
                  </test-case>
                  <test-case name="UIAutomation.UnitTests.MoveUIACursorCommandTestFixture.ProcessRecordControlIsNull" description="ProcessRecord test Null" executed="True" result="Error" success="False" time="0.001" asserts="0">
                    <failure>
                      <message><![CDATA[System.NotImplementedException : WriteVerbose]]></message>
                      <stack-trace><![CDATA[at System.Management.Automation.Cmdlet.WriteVerbose(String text)
at UIAutomation.Commands.MoveUIACursorCommand.ProcessRecord()
]]></stack-trace>
                    </failure>
                  </test-case>
                </results>
              </test-suite>
            </results>
          </test-suite>
        </results>
      </test-suite>
    </results>
  </test-suite>
</test-results>