<?xml version="1.0" encoding="utf-8" standalone="no"?>
<!--This file represents the results of running a test suite-->
<test-results name="C:\distrib\UIAutomation\UIAutomation\bin\Debug\UIAutomation.dll" total="0" errors="0" failures="0" not-run="0" inconclusive="0" ignored="0" skipped="0" invalid="0" date="2011-12-09" time="10:19:08">
  <environment nunit-version="2.5.10.11092" clr-version="2.0.50727.5448" os-version="Microsoft Windows NT 6.1.7601 Service Pack 1" platform="Win32NT" cwd="C:\Program Files\SharpDevelop\4.1\bin" machine-name="CONSOLE-7SP1ENT" user="Administrator" user-domain="RESOURCEDOMAIN" />
  <culture-info current-culture="en-US" current-uiculture="en-US" />
  <test-suite type="Assembly" name="C:\distrib\UIAutomation\UIAutomation\bin\Debug\UIAutomation.dll" executed="True" result="Inconclusive" success="False" time="0.000" asserts="0" />
</test-results>